make all --print-data-base --no-builtin-variables --no-builtin-rules --question
make: go: Permission denied

# GNU Make 4.3
# Built for x86_64-redhat-linux-gnu
# Copyright (C) 1988-2020 Free Software Foundation, Inc.
# License GPLv3+: GNU GPL version 3 or later <http://gnu.org/licenses/gpl.html>
# This is free software: you are free to change and redistribute it.
# There is NO WARRANTY, to the extent permitted by law.
 

# Make data base, printed on Mon Jun  6 17:14:43 2022

# Variables

# makefile (from 'Makefile', line 163)
KUSTOMIZE_VERSION = v3.8.7
# environment
GDK_BACKEND = x11
# environment
LC_ALL = C
# environment
NO_AT_BRIDGE = 1
# environment
GJS_DEBUG_OUTPUT = stderr
# environment
VSCODE_IPC_HOOK_EXTHOST = /run/user/1000/vscode-ipc-d922fc30-a454-47e5-bb2b-3f110bd716e7.sock
# makefile (from 'Makefile', line 25)
BUNDLE_METADATA_OPTS = $(BUNDLE_CHANNELS) $(BUNDLE_DEFAULT_CHANNEL)
# environment
VSCODE_CWD = /home/rajdeepchauhan
# environment
GDM_LANG = en_IN.UTF-8
# default
MAKE_COMMAND := make
# makefile (from 'Makefile', line 39)
BUNDLE_GEN_FLAGS = -q --overwrite --version $(VERSION) $(BUNDLE_METADATA_OPTS)
# environment
GOPATH = /home/rajdeepchauhan/go
# environment
define BASH_FUNC_which%%
() {  ( alias;
 eval ${which_declare} ) | /usr/bin/which --tty-only --read-alias --read-functions --show-tilde --show-dot $@
}
endef
# automatic
@D = $(patsubst %/,%,$(dir $@))
# environment
VSCODE_HANDLES_UNCAUGHT_ERRORS = true
# default
.VARIABLES := 
# environment
PWD = /home/rajdeepchauhan/projects/memcached-operator
# automatic
%D = $(patsubst %/,%,$(dir $%))
# environment
HOSTNAME = rajdchau.attlocal.net
# environment
MAIL = /var/spool/mail/rajdeepchauhan
# environment
XDG_DATA_DIRS = /home/rajdeepchauhan/.local/share/flatpak/exports/share:/var/lib/flatpak/exports/share:/usr/local/share/:/usr/share/
# automatic
^D = $(patsubst %/,%,$(dir $^))
# environment
VSCODE_LOG_STACK = false
# automatic
%F = $(notdir $%)
# environment
VSCODE_CODE_CACHE_PATH = /home/rajdeepchauhan/.config/Code/CachedData/c3511e6c69bb39013c4a4b7b9566ec1ca73fc4d5
# makefile (from 'Makefile', line 36)
BUNDLE_IMG = $(IMAGE_TAG_BASE)-bundle:v$(VERSION)
# environment
LANG = C
# environment
XAUTHORITY = /run/user/1000/.mutter-Xwaylandauth.XGJ7M1
# default
.LOADED := 
# default
.INCLUDE_DIRS = /usr/include /usr/local/include /usr/include
# makefile
MAKEFLAGS = pqrR
# makefile (from 'Makefile', line 166)
KUSTOMIZE_INSTALL_SCRIPT = "https://raw.githubusercontent.com/kubernetes-sigs/kustomize/master/hack/install_kustomize.sh"
# makefile
CURDIR := /home/rajdeepchauhan/projects/memcached-operator
# environment
VSCODE_PIPE_LOGGING = true
# environment
APPLICATION_INSIGHTS_NO_DIAGNOSTIC_CHANNEL = 1
# environment
LESSOPEN = ||/usr/bin/lesspipe.sh %s
# automatic
*D = $(patsubst %/,%,$(dir $*))
# makefile (from 'Makefile', line 6)
VERSION = 0.0.1
# environment
MFLAGS = -pqrR
# environment
SSH_AUTH_SOCK = /run/user/1000/keyring/ssh
# makefile (from 'Makefile', line 65)
.SHELLFLAGS = -ec
# environment
WAYLAND_DISPLAY = wayland-0
# environment
HISTSIZE = 1000
# automatic
+D = $(patsubst %/,%,$(dir $+))
# environment
XDG_SESSION_DESKTOP = gnome
# makefile (from 'Makefile', line 1)
MAKEFILE_LIST := Makefile
# automatic
@F = $(notdir $@)
# environment
VSCODE_VERBOSE_LOGGING = true
# environment
VSCODE_PID = 21816
# environment
XDG_SESSION_TYPE = wayland
# automatic
?D = $(patsubst %/,%,$(dir $?))
# makefile (from 'Makefile', line 32)
IMAGE_TAG_BASE = example.com/memcached-operator
# environment
SESSION_MANAGER = local/unix:@/tmp/.ICE-unix/1707,unix/unix:/tmp/.ICE-unix/1707
# automatic
*F = $(notdir $*)
# makefile (from 'Makefile', line 219)
CATALOG_IMG = $(IMAGE_TAG_BASE)-catalog:v$(VERSION)
# environment
CHROME_DESKTOP = code-url-handler.desktop
# makefile (from 'Makefile', line 130)
ignore-not-found = false
# environment
DBUS_SESSION_BUS_ADDRESS = unix:path=/run/user/1000/bus
# automatic
<D = $(patsubst %/,%,$(dir $<))
# makefile (from 'Makefile', line 159)
CONTROLLER_GEN = $(LOCALBIN)/controller-gen
# environment
VSCODE_NLS_CONFIG = {"locale":"en-gb","availableLanguages":{},"_languagePackSupport":true}
# default
MAKE_HOST := x86_64-redhat-linux-gnu
# makefile (from 'Makefile', line 64)
SHELL = /usr/bin/env bash -o pipefail
# default
MAKECMDGOALS := all
# environment
XMODIFIERS = @im=ibus
# environment
GJS_DEBUG_TOPICS = JS ERROR;JS LOG
# environment
SHLVL = 0
# environment
MAKELEVEL := 0
# default
MAKE = $(MAKE_COMMAND)
# environment
PATH = /home/rajdeepchauhan/.local/bin:/home/rajdeepchauhan/bin:/usr/local/bin:/usr/local/sbin:/usr/bin:/usr/sbin:/home/rajdeepchauhan/bin:/home/rajdeepchauhan/Downloads/minishift-1.34.3-linux-amd64:/usr/local/bin/go/bin:/home/rajdeepchauhan/bin:/home/rajdeepchauhan/Downloads/minishift-1.34.3-linux-amd64:/usr/local/bin/go/bin
# makefile (from 'Makefile', line 158)
KUSTOMIZE = $(LOCALBIN)/kustomize
# default
MAKEFILES := 
# automatic
^F = $(notdir $^)
# makefile (from 'Makefile', line 52)
ENVTEST_K8S_VERSION = 1.23
# makefile (from 'Makefile', line 216)
BUNDLE_IMGS = $(BUNDLE_IMG)
# makefile (from 'Makefile', line 56)
GOBIN = $(shell go env GOPATH)/bin
# makefile (from 'Makefile', line 164)
CONTROLLER_TOOLS_VERSION = v0.8.0
# environment
INVOCATION_ID = e6b987085c9f4ef1aaf3224da3851746
# environment
VSCODE_LOG_NATIVE = false
# environment
USERNAME = rajdeepchauhan
# environment
GNOME_SETUP_DISPLAY = :1
# automatic
?F = $(notdir $?)
# environment
XDG_CURRENT_DESKTOP = GNOME
# makefile (from 'Makefile', line 50)
IMG = controller:latest
# automatic
+F = $(notdir $+)
# environment
DESKTOP_SESSION = gnome
# environment
ORIGINAL_XDG_CURRENT_DESKTOP = GNOME
# 'override' directive
GNUMAKEFLAGS := 
# environment
LOGNAME = rajdeepchauhan
# environment
GIO_LAUNCHED_DESKTOP_FILE = /usr/share/applications/code.desktop
# makefile
.DEFAULT_GOAL := all
# environment
SYSTEMD_EXEC_PID = 1760
# environment
HISTCONTROL = ignoredups
# environment
EDITOR = /usr/bin/nano
# environment
DISPLAY = :0
# environment
USER = rajdeepchauhan
# default
MAKE_VERSION := 4.3
# 'override' directive
.SHELLSTATUS := 1
# makefile (from 'Makefile', line 198)
OPM = ./bin/opm
# environment
MANAGERPID = 1601
# environment
which_declare = declare -f
# environment
DEBUGINFOD_URLS = https://debuginfod.fedoraproject.org/ 
# environment
GIO_LAUNCHED_DESKTOP_FILE_PID = 21816
# environment
CVS_RSH = ssh
# environment
_ = /usr/bin/make
# environment
XDG_RUNTIME_DIR = /run/user/1000
# environment
GOMODCACHE = /home/rajdeepchauhan/go/pkg/mod
# environment
JOURNAL_STREAM = 8:28439
# environment
XDG_SESSION_CLASS = user
# environment
VSCODE_AMD_ENTRYPOINT = vs/workbench/api/node/extensionHostProcess
# environment
HOME = /home/rajdeepchauhan
# environment
QT_IM_MODULE = ibus
# makefile (from 'Makefile', line 160)
ENVTEST = $(LOCALBIN)/setup-envtest
# environment
ELECTRON_RUN_AS_NODE = 1
# environment
VSCODE_IPC_HOOK = /run/user/1000/vscode-448e233a-1.67.2-main.sock
# environment
GOPROXY = https://proxy.golang.org,direct
# default
.RECIPEPREFIX := 
# automatic
<F = $(notdir $<)
# default
SUFFIXES := 
# makefile (from 'Makefile', line 153)
LOCALBIN = $(shell pwd)/bin
# default
.FEATURES := target-specific order-only second-expansion else-if shortest-stem undefine oneshell nocomment grouped-target extra-prereqs archives jobserver output-sync check-symlink guile load
# environment
XDG_MENU_PREFIX = gnome-
# makefile (from 'Makefile', line 44)
USE_IMAGE_DIGESTS = false
# environment
GDMSESSION = gnome
# variable set hash-table stats:
# Load=124/1024=12%, Rehash=0, Collisions=9/249=4%

# Pattern-specific Variable Values

# No pattern-specific variable values.

# Directories

# . (device 40, inode 547969): 30 files, no impossibilities.

# 30 files, no impossibilities in 1 directories.

# Implicit Rules

# No implicit rules.

# Files

deploy: manifests kustomize
#  Phony target (prerequisite of .PHONY).
#  Implicit rule search has not been done.
#  File does not exist.
#  File has not been updated.
#  recipe to execute (from 'Makefile', line 143):
	cd config/manager && $(KUSTOMIZE) edit set image controller=${IMG}
	$(KUSTOMIZE) build config/default | kubectl apply -f -

catalog-build: opm
#  Phony target (prerequisite of .PHONY).
#  Implicit rule search has not been done.
#  File does not exist.
#  File has not been updated.
#  recipe to execute (from 'Makefile', line 231):
	$(OPM) index add --container-tool docker --mode semver --tag $(CATALOG_IMG) --bundles $(BUNDLE_IMGS) $(FROM_INDEX_OPT)

/home/rajdeepchauhan/projects/memcached-operator/bin/setup-envtest: /home/rajdeepchauhan/projects/memcached-operator/bin
#  Implicit rule search has not been done.
 
#  Modification time never checked.
#  File has not been updated.
#  recipe to execute (from 'Makefile', line 180):
	GOBIN=$(LOCALBIN) go install sigs.k8s.io/controller-runtime/tools/setup-envtest@latest

opm:
#  Phony target (prerequisite of .PHONY).
#  Implicit rule search has not been done.
#  File does not exist.
#  File has not been updated.
#  recipe to execute (from 'Makefile', line 202):
	@{ \
	set -e ;\
	mkdir -p $(dir $(OPM)) ;\
	OS=$(shell go env GOOS) && ARCH=$(shell go env GOARCH) && \
	curl -sSLo $(OPM) https://github.com/operator-framework/operator-registry/releases/download/v1.19.1/$${OS}-$${ARCH}-opm ;\
	chmod +x $(OPM) ;\
	}

# 'override' directive
generate: .SHELLSTATUS := 0
generate: controller-gen
#  Phony target (prerequisite of .PHONY).
#  Implicit rule search has not been done.
#  Implicit/static pattern stem: ''
#  File does not exist.
#  File has been updated.
#  Needs to be updated (-q is set).
# automatic
# @ := generate
# automatic
# * := 
# automatic
# < := controller-gen
# automatic
# + := controller-gen
# automatic
# % := 
# automatic
# ^ := controller-gen
# automatic
# ? := controller-gen
# automatic
# | := 
# variable set hash-table stats:
# Load=9/32=28%, Rehash=0, Collisions=2/17=12%
#  recipe to execute (from 'Makefile', line 95):
	$(CONTROLLER_GEN) object:headerFile="hack/boilerplate.go.txt" paths="./..."

/home/rajdeepchauhan/projects/memcached-operator/bin/controller-gen: /home/rajdeepchauhan/projects/memcached-operator/bin
#  Implicit rule search has not been done.
#  Last modified 2022-06-03 13:32:15.174866586
#  File has been updated.
#  Successfully updated.
#  recipe to execute (from 'Makefile', line 175):
	GOBIN=$(LOCALBIN) go install sigs.k8s.io/controller-tools/cmd/controller-gen@$(CONTROLLER_TOOLS_VERSION)

bundle: manifests kustomize
#  Phony target (prerequisite of .PHONY).
#  Implicit rule search has not been done.
#  File does not exist.
#  File has not been updated.
#  recipe to execute (from 'Makefile', line 184):
	operator-sdk generate kustomize manifests -q
	cd config/manager && $(KUSTOMIZE) edit set image controller=$(IMG)
	$(KUSTOMIZE) build config/manifests | operator-sdk generate bundle $(BUNDLE_GEN_FLAGS)
	operator-sdk bundle validate ./bundle

undeploy:
#  Phony target (prerequisite of .PHONY).
#  Implicit rule search has not been done.
#  File does not exist.
#  File has not been updated.
#  recipe to execute (from 'Makefile', line 148):
	$(KUSTOMIZE) build config/default | kubectl delete --ignore-not-found=$(ignore-not-found) -f -

# Not a target:
Makefile:
#  Implicit rule search has been done.
#  Last modified 2022-06-03 12:01:07.097658699
#  File has been updated.
#  Successfully updated.

kustomize: /home/rajdeepchauhan/projects/memcached-operator/bin/kustomize
#  Phony target (prerequisite of .PHONY).
#  Implicit rule search has not been done.
#  File does not exist.
#  File has not been updated.

uninstall: manifests kustomize
#  Phony target (prerequisite of .PHONY).
#  Implicit rule search has not been done.
#  File does not exist.
#  File has not been updated.
#  recipe to execute (from 'Makefile', line 139):
	$(KUSTOMIZE) build config/crd | kubectl delete --ignore-not-found=$(ignore-not-found) -f -

/home/rajdeepchauhan/projects/memcached-operator/bin:
#  Implicit rule search has not been done.
#  Last modified 2022-06-03 13:30:11.799378088
#  File has been updated.
#  Successfully updated.
#  recipe to execute (from 'Makefile', line 155):
	mkdir -p $(LOCALBIN)

envtest: /home/rajdeepchauhan/projects/memcached-operator/bin/setup-envtest
#  Phony target (prerequisite of .PHONY).
#  Implicit rule search has not been done.
#  File does not exist.
#  File has not been updated.

controller-gen: /home/rajdeepchauhan/projects/memcached-operator/bin/controller-gen
#  Phony target (prerequisite of .PHONY).
#  Implicit rule search has not been done.
#  File does not exist.
#  File has been updated.
#  Successfully updated.

bundle-build:
#  Phony target (prerequisite of .PHONY).
#  Implicit rule search has not been done.
#  File does not exist.
#  File has not been updated.
#  recipe to execute (from 'Makefile', line 191):
	docker build -f bundle.Dockerfile -t $(BUNDLE_IMG) .

fmt:
#  Phony target (prerequisite of .PHONY).
#  Implicit rule search has not been done.
#  File does not exist.
#  File has not been updated.
#  recipe to execute (from 'Makefile', line 99):
	go fmt ./...

bundle-push:
#  Phony target (prerequisite of .PHONY).
#  Implicit rule search has not been done.
#  File does not exist.
#  File has not been updated.
#  recipe to execute (from 'Makefile', line 195):
	$(MAKE) docker-push IMG=$(BUNDLE_IMG)

manifests: controller-gen
#  Phony target (prerequisite of .PHONY).
#  Implicit rule search has not been done.
#  File does not exist.
#  File has not been updated.
#  recipe to execute (from 'Makefile', line 91):
	$(CONTROLLER_GEN) rbac:roleName=manager-role crd webhook paths="./..." output:crd:artifacts:config=config/crd/bases

/home/rajdeepchauhan/projects/memcached-operator/bin/kustomize: /home/rajdeepchauhan/projects/memcached-operator/bin
#  Implicit rule search has not been done.
#  Modification time never checked.
#  File has not been updated.
#  recipe to execute (from 'Makefile', line 170):
	curl -s $(KUSTOMIZE_INSTALL_SCRIPT) | bash -s -- $(subst v,,$(KUSTOMIZE_VERSION)) $(LOCALBIN)

# Not a target:
.DEFAULT:
#  Implicit rule search has not been done.
#  Modification time never checked.
#  File has not been updated.

all: build
#  Phony target (prerequisite of .PHONY).
#  Command line target.
#  Implicit rule search has not been done.
#  File does not exist.
#  File has been updated.
#  Needs to be updated (-q is set).
# variable set hash-table stats:
# Load=0/32=0%, Rehash=0, Collisions=0/8=0%

run: manifests generate fmt vet
 
#  Phony target (prerequisite of .PHONY).
#  Implicit rule search has not been done.
#  File does not exist.
#  File has not been updated.
#  recipe to execute (from 'Makefile', line 117):
	go run ./main.go

help:
#  Phony target (prerequisite of .PHONY).
#  Implicit rule search has not been done.
#  File does not exist.
#  File has not been updated.
#  recipe to execute (from 'Makefile', line 85):
	@awk 'BEGIN {FS = ":.*##"; printf "\nUsage:\n  make \033[36m<target>\033[0m\n"} /^[a-zA-Z_0-9-]+:.*?##/ { printf "  \033[36m%-15s\033[0m %s\n", $$1, $$2 } /^##@/ { printf "\n\033[1m%s\033[0m\n", substr($$0, 5) } ' $(MAKEFILE_LIST)

vet:
#  Phony target (prerequisite of .PHONY).
#  Implicit rule search has not been done.
#  File does not exist.
#  File has not been updated.
#  recipe to execute (from 'Makefile', line 103):
	go vet ./...

build: generate fmt vet
#  Phony target (prerequisite of .PHONY).
#  Implicit rule search has not been done.
#  File does not exist.
#  File has been updated.
#  Needs to be updated (-q is set).
# variable set hash-table stats:
# Load=0/32=0%, Rehash=0, Collisions=0/8=0%
#  recipe to execute (from 'Makefile', line 113):
	go build -o bin/manager main.go

test: manifests generate fmt vet envtest
#  Phony target (prerequisite of .PHONY).
#  Implicit rule search has not been done.
#  File does not exist.
#  File has not been updated.
#  recipe to execute (from 'Makefile', line 107):
	KUBEBUILDER_ASSETS="$(shell $(ENVTEST) use $(ENVTEST_K8S_VERSION) -p path)" go test ./... -coverprofile cover.out

docker-push:
#  Phony target (prerequisite of .PHONY).
#  Implicit rule search has not been done.
#  File does not exist.
#  File has not been updated.
#  recipe to execute (from 'Makefile', line 125):
	docker push ${IMG}

install: manifests kustomize
#  Phony target (prerequisite of .PHONY).
#  Implicit rule search has not been done.
#  File does not exist.
#  File has not been updated.
#  recipe to execute (from 'Makefile', line 135):
	$(KUSTOMIZE) build config/crd | kubectl apply -f -

docker-build: test
#  Phony target (prerequisite of .PHONY).
#  Implicit rule search has not been done.
#  File does not exist.
#  File has not been updated.
#  recipe to execute (from 'Makefile', line 121):
	docker build -t ${IMG} .

catalog-push:
#  Phony target (prerequisite of .PHONY).
#  Implicit rule search has not been done.
#  File does not exist.
#  File has not been updated.
#  recipe to execute (from 'Makefile', line 236):
	$(MAKE) docker-push IMG=$(CATALOG_IMG)

# Not a target:
.SUFFIXES:
#  Implicit rule search has not been done.
#  Modification time never checked.
#  File has not been updated.

.PHONY: all help manifests generate fmt vet test build run docker-build docker-push install uninstall deploy undeploy kustomize controller-gen envtest bundle bundle-build bundle-push opm catalog-build catalog-push
#  Implicit rule search has not been done.
#  Modification time never checked.
#  File has not been updated.

# files hash-table stats:
# Load=32/1024=3%, Rehash=0, Collisions=0/148=0%
# VPATH Search Paths

# No 'vpath' search paths.

# No general ('VPATH' variable) search path.

# strcache buffers: 1 (0) / strings = 62 / storage = 847 B / avg = 13 B
# current buf: size = 8162 B / used = 847 B / count = 62 / avg = 13 B

# strcache performance: lookups = 199 / hit rate = 68%
# hash-table stats:
# Load=62/8192=1%, Rehash=0, Collisions=0/199=0%
# Finished Make data base on Mon Jun  6 17:14:43 2022

 
